<?xml version="1.0" encoding="UTF-8" ?>
<testsuite errors="0" failures="1" hostname="IS-25" name="com.allendowney.thinkdast.ListClientExampleTest" skipped="0" tests="1" time="0.089" timestamp="2019-05-07T17:54:51">
  <properties>
    <property name="java.vendor" value="Oracle Corporation" />
    <property name="env.USERDOMAIN_ROAMINGPROFILE" value="INFOIMAGE" />
    <property name="sun.java.launcher" value="SUN_STANDARD" />
    <property name="sun.management.compiler" value="HotSpot Client Compiler" />
    <property name="env.PROMPT" value="$P$G" />
    <property name="env.DriverData" value="C:\Windows\System32\Drivers\DriverData" />
    <property name="os.name" value="Windows 10" />
    <property name="sun.boot.class.path" value="C:\Program Files (x86)\Java\jdk1.8.0_212\jre\lib\resources.jar;C:\Program Files (x86)\Java\jdk1.8.0_212\jre\lib\rt.jar;C:\Program Files (x86)\Java\jdk1.8.0_212\jre\lib\sunrsasign.jar;C:\Program Files (x86)\Java\jdk1.8.0_212\jre\lib\jsse.jar;C:\Program Files (x86)\Java\jdk1.8.0_212\jre\lib\jce.jar;C:\Program Files (x86)\Java\jdk1.8.0_212\jre\lib\charsets.jar;C:\Program Files (x86)\Java\jdk1.8.0_212\jre\lib\jfr.jar;C:\Program Files (x86)\Java\jdk1.8.0_212\jre\classes" />
    <property name="env.COMPUTERNAME" value="IS-25" />
    <property name="env.CommonProgramW6432" value="C:\Program Files\Common Files" />
    <property name="env.ALLUSERSPROFILE" value="C:\ProgramData" />
    <property name="sun.desktop" value="windows" />
    <property name="java.vm.specification.vendor" value="Oracle Corporation" />
    <property name="ant.home" value="C:\Program Files\apache-ant\apache-ant-1.10.5" />
    <property name="java.runtime.version" value="1.8.0_212-b10" />
    <property name="env.HOMEPATH" value="\Users\hkhosravani" />
    <property name="env.ISIS_KEY_MODE" value="ALL" />
    <property name="user.name" value="HKhosravani" />
    <property name="user.language" value="en" />
    <property name="sun.boot.library.path" value="C:\Program Files (x86)\Java\jdk1.8.0_212\jre\bin" />
    <property name="ant.project.default-target" value="build" />
    <property name="ant.project.name" value="ThinkDaSt" />
    <property name="java.version" value="1.8.0_212" />
    <property name="env.PROCESSOR_IDENTIFIER" value="Intel64 Family 6 Model 158 Stepping 9, GenuineIntel" />
    <property name="user.timezone" value="" />
    <property name="env.TEMP" value="C:\Users\HKHOSR~1\AppData\Local\Temp" />
    <property name="sun.arch.data.model" value="32" />
    <property name="ant.file.type.ThinkDaSt" value="file" />
    <property name="java.endorsed.dirs" value="C:\Program Files (x86)\Java\jdk1.8.0_212\jre\lib\endorsed" />
    <property name="env.PROCESSOR_ARCHITEW6432" value="AMD64" />
    <property name="env._JAVACMD" value="C:\Program Files (x86)\Java\jdk1.8.0_212\bin\java.exe" />
    <property name="sun.cpu.isalist" value="pentium_pro+mmx pentium_pro pentium+mmx pentium i486 i386 i86" />
    <property name="env.HOMEDRIVE" value="C:" />
    <property name="sun.jnu.encoding" value="Cp1252" />
    <property name="file.encoding.pkg" value="sun.io" />
    <property name="env.ISIS_USE_PCSLOG" value="2" />
    <property name="file.separator" value="\" />
    <property name="java.specification.name" value="Java Platform API Specification" />
    <property name="java.class.version" value="52.0" />
    <property name="user.country" value="US" />
    <property name="java.home" value="C:\Program Files (x86)\Java\jdk1.8.0_212\jre" />
    <property name="env.PSModulePath" value="C:\Program Files\WindowsPowerShell\Modules;C:\WINDOWS\system32\WindowsPowerShell\v1.0\Modules" />
    <property name="env.APPDATA" value="C:\Users\hkhosravani\AppData\Roaming" />
    <property name="env.PUBLIC" value="C:\Users\Public" />
    <property name="java.vm.info" value="mixed mode" />
    <property name="env.ComSpec" value="C:\WINDOWS\system32\cmd.exe" />
    <property name="env.OS" value="Windows_NT" />
    <property name="env.CommonProgramFiles" value="C:\Program Files (x86)\Common Files" />
    <property name="ant.file" value="C:\Users\hkhosravani\Desktop\extra-learning\ThinkDataStructures\code\build.xml" />
    <property name="os.version" value="10.0" />
    <property name="env.=ExitCode" value="00000001" />
    <property name="env.ProgramW6432" value="C:\Program Files" />
    <property name="env._USE_CLASSPATH" value="no" />
    <property name="env.ISIS_OMS_PORT" value="9091" />
    <property name="path.separator" value=";" />
    <property name="java.vm.version" value="25.212-b10" />
    <property name="user.variant" value="" />
    <property name="env.USERPROFILE" value="C:\Users\hkhosravani" />
    <property name="ant.library.dir" value="C:\Program Files\apache-ant\apache-ant-1.10.5\lib" />
    <property name="junit.output.dir" value="junit" />
    <property name="env.JAVA_HOME" value="C:\Program Files (x86)\Java\jdk1.8.0_212" />
    <property name="java.awt.printerjob" value="sun.awt.windows.WPrinterJob" />
    <property name="env.TMP" value="C:\Users\HKHOSR~1\AppData\Local\Temp" />
    <property name="sun.io.unicode.encoding" value="UnicodeLittle" />
    <property name="awt.toolkit" value="sun.awt.windows.WToolkit" />
    <property name="env.ISIS_COMMON" value="C:\isiscomm" />
    <property name="sun.stdout.encoding" value="cp437" />
    <property name="user.script" value="" />
    <property name="user.home" value="C:\Users\hkhosravani" />
    <property name="target" value="1.7" />
    <property name="env.ProgramData" value="C:\ProgramData" />
    <property name="env.SESSIONNAME" value="Console" />
    <property name="env.IntelliJ IDEA Community Edition" value="C:\Program Files\JetBrains\IntelliJ IDEA Community Edition 2019.1.1\bin;" />
    <property name="env.ProgramFiles(x86)" value="C:\Program Files (x86)" />
    <property name="java.specification.vendor" value="Oracle Corporation" />
    <property name="java.library.path" value="C:\Program Files (x86)\Java\jdk1.8.0_212\jre\bin;C:\WINDOWS\Sun\Java\bin;C:\WINDOWS\system32;C:\WINDOWS;C:\Program Files (x86)\Common Files\Oracle\Java\javapath;C:\ProgramData\DockerDesktop\version-bin;C:\Program Files\Docker\Docker\Resources\bin;C:\ISISCOMM\W3\LIB;C:\Program Files (x86)\Intel\iCLS Client\;C:\Program Files\Intel\iCLS Client\;C:\WINDOWS\system32;C:\WINDOWS;C:\WINDOWS\System32\Wbem;C:\WINDOWS\System32\WindowsPowerShell\v1.0\;C:\Program Files (x86)\Intel\Intel(R) Management Engine Components\DAL;C:\Program Files\Intel\Intel(R) Management Engine Components\DAL;C:\Program Files (x86)\Intel\Intel(R) Management Engine Components\IPT;C:\Program Files\Intel\Intel(R) Management Engine Components\IPT;C:\Program Files\PuTTY\;C:\Program Files (x86)\Brackets\command;C:\Program Files (x86)\Mitel\Connect\;C:\WINDOWS\System32\OpenSSH\;C:\Program Files\nodejs\;C:\Program Files\Git\cmd;C:\Program Files (x86)\Java\jdk1.8.0_212\bin;C:\Program Files\Java\jdk1.8.0_212\bin;C:\Program Files\apache-ant\apache-ant-1.10.5\bin;C:\Users\hkhosravani\AppData\Local\Microsoft\WindowsApps;C:\Users\hkhosravani\AppData\Local\Programs\Microsoft VS Code\bin;C:\Users\hkhosravani\AppData\Local\Programs\MiKTeX 2.9\miktex\bin\x64\;C:\Users\hkhosravani\AppData\Roaming\npm;C:\Program Files\JetBrains\IntelliJ IDEA Community Edition 2019.1.1\bin;;." />
    <property name="env.NUMBER_OF_PROCESSORS" value="4" />
    <property name="java.vendor.url" value="http://java.oracle.com/" />
    <property name="env.USERDNSDOMAIN" value="INFOIMAGE.COM" />
    <property name="java.vm.vendor" value="Oracle Corporation" />
    <property name="java.runtime.name" value="Java(TM) SE Runtime Environment" />
    <property name="ant.version" value="Apache Ant(TM) version 1.10.5 compiled on July 10 2018" />
    <property name="sun.java.command" value="org.apache.tools.ant.taskdefs.optional.junit.JUnitTestRunner com.allendowney.thinkdast.ListClientExampleTest filtertrace=true haltOnError=false haltOnFailure=false formatter=org.apache.tools.ant.taskdefs.optional.junit.OutErrSummaryJUnitResultFormatter showoutput=false outputtoformatters=true logfailedtests=true logtestlistenerevents=false formatter=org.apache.tools.ant.taskdefs.optional.junit.XMLJUnitResultFormatter,C:\Users\hkhosravani\Desktop\extra-learning\ThinkDataStructures\code\junit\TEST-com.allendowney.thinkdast.ListClientExampleTest.xml crashfile=C:\Users\hkhosravani\Desktop\extra-learning\ThinkDataStructures\code\junitvmwatcher3182273132459032988.properties propsfile=C:\Users\hkhosravani\Desktop\extra-learning\ThinkDataStructures\code\junit7314167398458880484.properties" />
    <property name="java.class.path" value="C:\Users\hkhosravani\Desktop\extra-learning\ThinkDataStructures\code\bin;C:\Users\hkhosravani\Desktop\extra-learning\ThinkDataStructures\code\lib\jedis-2.8.0.jar;C:\Users\hkhosravani\Desktop\extra-learning\ThinkDataStructures\code\lib\jsoup-1.8.3.jar;C:\Users\hkhosravani\Desktop\extra-learning\ThinkDataStructures\code\lib\junit-4.12.jar;C:\Users\hkhosravani\Desktop\extra-learning\ThinkDataStructures\code\lib\hamcrest-core-1.3.jar;C:\Users\hkhosravani\Desktop\extra-learning\ThinkDataStructures\code\lib\jcommon-1.0.23.jar;C:\Users\hkhosravani\Desktop\extra-learning\ThinkDataStructures\code\lib\jfreechart-1.0.19.jar;C:\Users\hkhosravani\Desktop\extra-learning\ThinkDataStructures\code\lib\servlet.jar;C:\Users\hkhosravani\Desktop\extra-learning\ThinkDataStructures\code\lib\ant-junit.jar;C:\Users\hkhosravani\Desktop\extra-learning\ThinkDataStructures\code\lib\commons-math3-3.6.jar;C:\Users\hkhosravani\Desktop\extra-learning\ThinkDataStructures\code\lib\hamcrest-library-1.3.jar;C:\Program Files\apache-ant\apache-ant-1.10.5\lib\junit-4.13-beta-2.jar;C:\Program Files\apache-ant\apache-ant-1.10.5\lib\ant-launcher.jar;C:\Program Files\apache-ant\apache-ant-1.10.5\lib\ant.jar;C:\Program Files\apache-ant\apache-ant-1.10.5\lib\ant-junit-1.9.1.jar;C:\Program Files\apache-ant\apache-ant-1.10.5\lib\ant-junit4.jar" />
    <property name="java.vm.specification.name" value="Java Virtual Machine Specification" />
    <property name="ant.file.type" value="file" />
    <property name="env.LOGONSERVER" value="\\INFO-DCTX1" />
    <property name="env.windir" value="C:\WINDOWS" />
    <property name="java.vm.specification.version" value="1.8" />
    <property name="env.PROCESSOR_ARCHITECTURE" value="x86" />
    <property name="sun.cpu.endian" value="little" />
    <property name="sun.os.patch.level" value="" />
    <property name="env.OneDrive" value="C:\Users\hkhosravani\OneDrive" />
    <property name="debuglevel" value="source,lines,vars" />
    <property name="env.ProgramFiles" value="C:\Program Files (x86)" />
    <property name="env.ANT_HOME" value="C:\Program Files\apache-ant\apache-ant-1.10.5" />
    <property name="env.PROCESSOR_REVISION" value="9e09" />
    <property name="java.io.tmpdir" value="C:\Users\HKHOSR~1\AppData\Local\Temp\" />
    <property name="env.CommonProgramFiles(x86)" value="C:\Program Files (x86)\Common Files" />
    <property name="java.vendor.url.bug" value="http://bugreport.sun.com/bugreport/" />
    <property name="env.SystemRoot" value="C:\WINDOWS" />
    <property name="env.GIT_SSH" value="C:\Program Files\PuTTY\plink.exe" />
    <property name="java.awt.graphicsenv" value="sun.awt.Win32GraphicsEnvironment" />
    <property name="env.ANT_CMD_LINE_ARGS" value=" ListClientExampleTest" />
    <property name="os.arch" value="x86" />
    <property name="java.ext.dirs" value="C:\Program Files (x86)\Java\jdk1.8.0_212\jre\lib\ext;C:\WINDOWS\Sun\Java\lib\ext" />
    <property name="env.SVN_SSH" value="C:\Program Files\PuTTY\plink.exe" />
    <property name="user.dir" value="C:\Users\hkhosravani\Desktop\extra-learning\ThinkDataStructures\code" />
    <property name="env.LOCALAPPDATA" value="C:\Users\hkhosravani\AppData\Local" />
    <property name="line.separator" value="&#xd;&#xa;" />
    <property name="java.vm.name" value="Java HotSpot(TM) Client VM" />
    <property name="env.PATHEXT" value=".COM;.EXE;.BAT;.CMD;.VBS;.VBE;.JS;.JSE;.WSF;.WSH;.MSC" />
    <property name="env.Path" value="C:\Program Files (x86)\Common Files\Oracle\Java\javapath;C:\ProgramData\DockerDesktop\version-bin;C:\Program Files\Docker\Docker\Resources\bin;C:\ISISCOMM\W3\LIB;C:\Program Files (x86)\Intel\iCLS Client\;C:\Program Files\Intel\iCLS Client\;C:\WINDOWS\system32;C:\WINDOWS;C:\WINDOWS\System32\Wbem;C:\WINDOWS\System32\WindowsPowerShell\v1.0\;C:\Program Files (x86)\Intel\Intel(R) Management Engine Components\DAL;C:\Program Files\Intel\Intel(R) Management Engine Components\DAL;C:\Program Files (x86)\Intel\Intel(R) Management Engine Components\IPT;C:\Program Files\Intel\Intel(R) Management Engine Components\IPT;C:\Program Files\PuTTY\;C:\Program Files (x86)\Brackets\command;C:\Program Files (x86)\Mitel\Connect\;C:\WINDOWS\System32\OpenSSH\;C:\Program Files\nodejs\;C:\Program Files\Git\cmd;C:\Program Files (x86)\Java\jdk1.8.0_212\bin;C:\Program Files\Java\jdk1.8.0_212\bin;C:\Program Files\apache-ant\apache-ant-1.10.5\bin;C:\Users\hkhosravani\AppData\Local\Microsoft\WindowsApps;C:\Users\hkhosravani\AppData\Local\Programs\Microsoft VS Code\bin;C:\Users\hkhosravani\AppData\Local\Programs\MiKTeX 2.9\miktex\bin\x64\;C:\Users\hkhosravani\AppData\Roaming\npm;C:\Program Files\JetBrains\IntelliJ IDEA Community Edition 2019.1.1\bin;" />
    <property name="env.ISIS_OMS_DOMAIN" value="10.8.9.195" />
    <property name="basedir" value="C:\Users\hkhosravani\Desktop\extra-learning\ThinkDataStructures\code" />
    <property name="ant.java.version" value="1.8" />
    <property name="ant.core.lib" value="C:\Program Files\apache-ant\apache-ant-1.10.5\lib\ant.jar" />
    <property name="env.USERNAME" value="HKhosravani" />
    <property name="env.SystemDrive" value="C:" />
    <property name="source" value="1.7" />
    <property name="file.encoding" value="Cp1252" />
    <property name="sun.stderr.encoding" value="cp437" />
    <property name="env.USERDOMAIN" value="INFOIMAGE" />
    <property name="java.specification.version" value="1.8" />
    <property name="env.=C:" value="C:\Users\hkhosravani\Desktop\extra-learning\ThinkDataStructures\code" />
    <property name="ant.project.invoked-targets" value="ListClientExampleTest" />
    <property name="env.PROCESSOR_LEVEL" value="6" />
    <property name="ant.file.ThinkDaSt" value="C:\Users\hkhosravani\Desktop\extra-learning\ThinkDataStructures\code\build.xml" />
  </properties>
  <testcase classname="com.allendowney.thinkdast.ListClientExampleTest" name="testListClientExample" time="0.01">
    <failure message="&#xa;Expected: an instance of java.util.ArrayList&#xa;     but: &lt;[]&gt; is a java.util.LinkedList" type="junit.framework.AssertionFailedError">junit.framework.AssertionFailedError: 
Expected: an instance of java.util.ArrayList
     but: &lt;[]&gt; is a java.util.LinkedList
	at org.hamcrest.MatcherAssert.assertThat(MatcherAssert.java:20)
	at com.allendowney.thinkdast.ListClientExampleTest.testListClientExample(ListClientExampleTest.java:25)
</failure>
  </testcase>
  <system-out><![CDATA[]]></system-out>
  <system-err><![CDATA[]]></system-err>
</testsuite>
